2021-10-23 13:59:56,123 - INFO - creating sub directory list
2021-10-23 13:59:56,879 - INFO - loading data...
2021-10-23 14:08:05,700 - INFO - profile report created successfully for old_people_activity_recogition_classification.html !!!
2021-10-23 14:09:29,264 - INFO - creating sub directory list
2021-10-23 14:09:29,973 - INFO - loading data...
2021-10-23 14:18:13,228 - INFO - profile report created successfully for old_people_activity_recogition_classification.html !!!
2021-10-23 14:18:13,302 - INFO - plotting correlation heatmap!!!
2021-10-23 14:18:13,696 - INFO - applying OneHotEncoder!!!
2021-10-23 14:18:13,700 - INFO - splitting feature and target!
2021-10-23 14:18:13,740 - INFO - Applying standard scaler (StandardScaler - to make normal distribution)!!!
2021-10-23 14:26:10,058 - INFO - profile report created successfully for old_people_activity_recogition_classification_after_scaled.html !!!
2021-10-23 14:26:10,638 - INFO - calculated VIF score!!!
2021-10-23 14:26:10,641 - INFO -  "NO" columns which has VIF score > 10
2021-10-23 14:26:10,641 - INFO - VIF score for all the features are below 10, so Featues doesnot have multicollinearity.                         Inaddition we checked multicollinearity using df.corr() and heatmap plot
2021-10-23 14:26:10,669 - INFO - spliting train test and test_size as 0.2
2021-10-23 14:26:10,690 - INFO - doing model hyperparameter tuning...
2021-10-23 14:27:06,159 - INFO - creating logistic_regression model...
2021-10-23 14:27:09,181 - INFO - doing model evaluaton...
2021-10-23 14:27:09,331 - INFO - creating bagging_decision_tree model...
2021-10-23 14:27:16,296 - INFO - doing model evaluaton...
2021-10-23 14:27:17,900 - INFO - creating decision_tree model...
2021-10-23 14:27:18,317 - INFO - doing model evaluaton...
2021-10-23 14:27:18,549 - INFO - creating stacking hier-1 KNeighborsClassifier model...
2021-10-23 14:27:25,377 - INFO - creating stacking hier-1 SVC model...
2021-10-23 14:28:14,295 - INFO - creating stacking hier-2 RandomForestClassifier model...
2021-10-23 14:28:25,166 - INFO - doing model evaluaton...
2021-10-23 14:28:26,709 - INFO - create and saving the final best model
2021-10-23 14:28:26,839 - INFO - prediction for X_test...
2021-10-23 14:28:26,897 - INFO - creating confusion matrix...
2021-10-23 14:28:27,089 - INFO - creating heatmap for confusion matrix...
2021-10-23 14:28:27,121 - INFO - creating classification_report...
2021-10-27 10:50:47,935 - INFO - creating sub directory list
2021-10-27 10:50:48,543 - INFO - loading data...
2021-10-27 10:57:27,488 - INFO - profile report created successfully for old_people_activity_recogition_classification.html !!!
2021-10-27 10:57:27,546 - INFO - plotting correlation heatmap!!!
2021-10-27 10:57:27,886 - INFO - applying OneHotEncoder!!!
2021-10-27 10:57:27,918 - INFO - splitting feature and target!
2021-10-27 10:57:27,958 - INFO - Applying standard scaler (StandardScaler - to make normal distribution)!!!
2021-10-27 11:03:30,942 - INFO - profile report created successfully for old_people_activity_recogition_classification_after_scaled.html !!!
2021-10-27 11:03:31,273 - INFO - calculated VIF score!!!
2021-10-27 11:03:31,273 - INFO -  "NO" columns which has VIF score > 10
2021-10-27 11:03:31,273 - INFO - VIF score for all the features are below 10, so Featues doesnot have multicollinearity.                         Inaddition we checked multicollinearity using df.corr() and heatmap plot
2021-10-27 11:03:31,289 - INFO - spliting train test and test_size as 0.2
2021-10-27 11:03:31,339 - INFO - doing model hyperparameter tuning...
2021-10-27 11:04:16,668 - INFO - creating logistic_regression model...
2021-10-27 11:04:17,393 - INFO - doing model evaluaton...
2021-10-27 11:04:18,878 - INFO - creating bagging_decision_tree model...
2021-10-27 11:04:23,657 - INFO - doing model evaluaton...
2021-10-27 11:04:24,607 - INFO - creating decision_tree model...
2021-10-27 11:04:24,845 - INFO - doing model evaluaton...
2021-10-27 11:04:25,073 - INFO - creating stacking hier-1 KNeighborsClassifier model...
2021-10-27 11:04:29,619 - INFO - creating stacking hier-1 SVC model...
2021-10-27 11:05:02,951 - INFO - creating stacking hier-2 RandomForestClassifier model...
2021-10-27 11:05:10,127 - INFO - doing model evaluaton...
2021-10-27 11:05:11,110 - INFO - create and saving the final best model
2021-10-27 11:05:11,124 - INFO - prediction for X_test...
2021-10-27 11:05:12,252 - INFO - creating confusion matrix...
2021-10-27 11:05:12,397 - INFO - creating heatmap for confusion matrix...
2021-10-27 11:05:12,430 - INFO - creating classification_report...
2021-10-27 12:07:56,328 - INFO - creating sub directory list
2021-10-27 12:07:58,155 - INFO - loading data...
2021-10-27 12:14:15,025 - INFO - profile report created successfully for old_people_activity_recogition_classification.html !!!
2021-10-27 12:14:15,088 - INFO - plotting correlation heatmap!!!
2021-10-27 12:14:15,341 - INFO - applying OneHotEncoder!!!
2021-10-27 12:14:15,350 - INFO - splitting feature and target!
2021-10-27 12:14:15,378 - INFO - Applying standard scaler (StandardScaler - to make normal distribution)!!!
2021-10-27 12:20:28,713 - INFO - profile report created successfully for old_people_activity_recogition_classification_after_scaled.html !!!
2021-10-27 12:20:29,100 - INFO - calculated VIF score!!!
2021-10-27 12:20:29,101 - INFO -  "NO" columns which has VIF score > 10
2021-10-27 12:20:29,102 - INFO - VIF score for all the features are below 10, so Featues doesnot have multicollinearity.                         Inaddition we checked multicollinearity using df.corr() and heatmap plot
2021-10-27 12:20:29,116 - INFO - spliting train test and test_size as 0.2
2021-10-27 12:20:29,129 - INFO - doing model hyperparameter tuning...
2021-10-27 12:20:45,682 - INFO - creating logistic_regression model...
2021-10-27 12:20:46,285 - INFO - doing model evaluaton...
2021-10-27 12:20:46,379 - INFO - creating bagging_decision_tree model...
2021-10-27 12:20:51,115 - INFO - doing model evaluaton...
2021-10-27 12:20:52,036 - INFO - creating decision_tree model...
2021-10-27 12:20:52,261 - INFO - doing model evaluaton...
2021-10-27 12:20:52,440 - INFO - creating stacking hier-1 KNeighborsClassifier model...
2021-10-27 12:20:56,933 - INFO - creating stacking hier-1 SVC model...
2021-10-27 12:21:36,492 - INFO - creating stacking hier-2 RandomForestClassifier model...
2021-10-27 12:21:45,928 - INFO - doing model evaluaton...
2021-10-27 12:21:47,266 - INFO - create and saving the final best model
2021-10-27 12:21:47,317 - INFO - prediction for X_test...
2021-10-27 12:21:47,670 - INFO - creating confusion matrix...
2021-10-27 12:21:47,971 - INFO - creating heatmap for confusion matrix...
2021-10-27 12:21:48,033 - INFO - creating classification_report...
